{"meta": {"format": 3, "version": "7.10.6", "timestamp": "2025-09-21T17:23:07.599747", "branch_coverage": false, "show_contexts": false}, "files": {"backend/ai_cache_service.py": {"executed_lines": [1, 15, 16, 17, 18, 19, 20, 21, 22, 23, 26, 27, 29, 30, 34, 47, 48, 50, 53, 54, 55, 56, 58, 59, 60, 63, 64, 66, 71, 74, 75, 76, 79, 80, 82, 83, 84, 87, 88, 90, 92, 93, 95, 102, 103, 105, 143, 144, 147, 148, 149, 151, 152, 153, 154, 155, 156, 160, 161, 163, 164, 166, 167, 174, 182, 184, 185, 187, 204, 205, 207, 208, 210, 221, 222, 224, 226, 239, 240, 241, 242, 243, 244, 245, 246, 249, 251, 252, 254, 263, 264, 266, 269, 276, 289, 295, 297, 301, 302, 304, 306, 308, 318, 334, 335, 336, 338, 340, 342, 343, 344, 345, 346, 347, 348, 349, 356, 357, 359, 363, 365, 368, 370, 371, 372, 375, 377, 380, 381, 382, 384, 389, 394], "summary": {"covered_lines": 131, "num_statements": 188, "percent_covered": 69.68085106382979, "percent_covered_display": "70", "missing_lines": 57, "excluded_lines": 0}, "missing_lines": [51, 52, 106, 108, 109, 110, 113, 114, 115, 118, 119, 121, 122, 130, 138, 139, 157, 158, 188, 189, 190, 193, 194, 195, 196, 197, 198, 199, 200, 201, 227, 228, 229, 230, 231, 232, 233, 234, 235, 236, 277, 278, 283, 284, 285, 286, 319, 320, 321, 322, 324, 326, 331, 332, 351, 352, 353], "excluded_lines": [], "functions": {"AIRateLimitCache.__init__": {"executed_lines": [47, 48, 50, 53, 54, 55, 56, 58, 59, 60, 63, 64], "summary": {"covered_lines": 12, "num_statements": 14, "percent_covered": 85.71428571428571, "percent_covered_display": "86", "missing_lines": 2, "excluded_lines": 0}, "missing_lines": [51, 52], "excluded_lines": []}, "AIRateLimitCache._generate_cache_key": {"executed_lines": [71, 74, 75, 76, 79, 80, 82, 83, 84, 87, 88], "summary": {"covered_lines": 11, "num_statements": 11, "percent_covered": 100.0, "percent_covered_display": "100", "missing_lines": 0, "excluded_lines": 0}, "missing_lines": [], "excluded_lines": []}, "AIRateLimitCache._get_rate_limit_key": {"executed_lines": [92, 93], "summary": {"covered_lines": 2, "num_statements": 2, "percent_covered": 100.0, "percent_covered_display": "100", "missing_lines": 0, "excluded_lines": 0}, "missing_lines": [], "excluded_lines": []}, "AIRateLimitCache.check_rate_limit": {"executed_lines": [102, 103, 105, 143, 144, 147, 148, 149, 151, 152, 153, 154, 155, 156, 160, 161, 163, 164, 166, 167, 174], "summary": {"covered_lines": 21, "num_statements": 37, "percent_covered": 56.75675675675676, "percent_covered_display": "57", "missing_lines": 16, "excluded_lines": 0}, "missing_lines": [106, 108, 109, 110, 113, 114, 115, 118, 119, 121, 122, 130, 138, 139, 157, 158], "excluded_lines": []}, "AIRateLimitCache.increment_rate_limit": {"executed_lines": [184, 185, 187, 204, 205, 207, 208], "summary": {"covered_lines": 7, "num_statements": 19, "percent_covered": 36.8421052631579, "percent_covered_display": "37", "missing_lines": 12, "excluded_lines": 0}, "missing_lines": [188, 189, 190, 193, 194, 195, 196, 197, 198, 199, 200, 201], "excluded_lines": []}, "AIRateLimitCache.get_cached_response": {"executed_lines": [221, 222, 224, 226, 239, 240, 241, 242, 243, 244, 245, 246, 249, 251, 252], "summary": {"covered_lines": 15, "num_statements": 25, "percent_covered": 60.0, "percent_covered_display": "60", "missing_lines": 10, "excluded_lines": 0}, "missing_lines": [227, 228, 229, 230, 231, 232, 233, 234, 235, 236], "excluded_lines": []}, "AIRateLimitCache.cache_response": {"executed_lines": [263, 264, 266, 269, 276, 289, 295, 297, 301, 302, 304], "summary": {"covered_lines": 11, "num_statements": 17, "percent_covered": 64.70588235294117, "percent_covered_display": "65", "missing_lines": 6, "excluded_lines": 0}, "missing_lines": [277, 278, 283, 284, 285, 286], "excluded_lines": []}, "AIRateLimitCache.get_cache_stats": {"executed_lines": [308, 318, 334, 335, 336, 338], "summary": {"covered_lines": 6, "num_statements": 14, "percent_covered": 42.857142857142854, "percent_covered_display": "43", "missing_lines": 8, "excluded_lines": 0}, "missing_lines": [319, 320, 321, 322, 324, 326, 331, 332], "excluded_lines": []}, "AIRateLimitCache.clear_cache": {"executed_lines": [342, 343, 344, 345, 346, 347, 348, 349, 356, 357], "summary": {"covered_lines": 10, "num_statements": 13, "percent_covered": 76.92307692307692, "percent_covered_display": "77", "missing_lines": 3, "excluded_lines": 0}, "missing_lines": [351, 352, 353], "excluded_lines": []}, "AIRateLimitCache.optimize_database_queries": {"executed_lines": [363, 365, 368, 370, 371, 372], "summary": {"covered_lines": 6, "num_statements": 6, "percent_covered": 100.0, "percent_covered_display": "100", "missing_lines": 0, "excluded_lines": 0}, "missing_lines": [], "excluded_lines": []}, "get_ai_cache_service": {"executed_lines": [380, 381, 382], "summary": {"covered_lines": 3, "num_statements": 3, "percent_covered": 100.0, "percent_covered_display": "100", "missing_lines": 0, "excluded_lines": 0}, "missing_lines": [], "excluded_lines": []}, "init_ai_cache_service": {"executed_lines": [389, 394], "summary": {"covered_lines": 2, "num_statements": 2, "percent_covered": 100.0, "percent_covered_display": "100", "missing_lines": 0, "excluded_lines": 0}, "missing_lines": [], "excluded_lines": []}, "": {"executed_lines": [1, 15, 16, 17, 18, 19, 20, 21, 22, 23, 26, 27, 29, 30, 34, 66, 90, 95, 182, 210, 254, 306, 340, 359, 375, 377, 384], "summary": {"covered_lines": 25, "num_statements": 25, "percent_covered": 100.0, "percent_covered_display": "100", "missing_lines": 0, "excluded_lines": 0}, "missing_lines": [], "excluded_lines": []}}, "classes": {"AIRateLimitCache": {"executed_lines": [47, 48, 50, 53, 54, 55, 56, 58, 59, 60, 63, 64, 71, 74, 75, 76, 79, 80, 82, 83, 84, 87, 88, 92, 93, 102, 103, 105, 143, 144, 147, 148, 149, 151, 152, 153, 154, 155, 156, 160, 161, 163, 164, 166, 167, 174, 184, 185, 187, 204, 205, 207, 208, 221, 222, 224, 226, 239, 240, 241, 242, 243, 244, 245, 246, 249, 251, 252, 263, 264, 266, 269, 276, 289, 295, 297, 301, 302, 304, 308, 318, 334, 335, 336, 338, 342, 343, 344, 345, 346, 347, 348, 349, 356, 357, 363, 365, 368, 370, 371, 372], "summary": {"covered_lines": 101, "num_statements": 158, "percent_covered": 63.924050632911396, "percent_covered_display": "64", "missing_lines": 57, "excluded_lines": 0}, "missing_lines": [51, 52, 106, 108, 109, 110, 113, 114, 115, 118, 119, 121, 122, 130, 138, 139, 157, 158, 188, 189, 190, 193, 194, 195, 196, 197, 198, 199, 200, 201, 227, 228, 229, 230, 231, 232, 233, 234, 235, 236, 277, 278, 283, 284, 285, 286, 319, 320, 321, 322, 324, 326, 331, 332, 351, 352, 353], "excluded_lines": []}, "": {"executed_lines": [1, 15, 16, 17, 18, 19, 20, 21, 22, 23, 26, 27, 29, 30, 34, 66, 90, 95, 182, 210, 254, 306, 340, 359, 375, 377, 380, 381, 382, 384, 389, 394], "summary": {"covered_lines": 30, "num_statements": 30, "percent_covered": 100.0, "percent_covered_display": "100", "missing_lines": 0, "excluded_lines": 0}, "missing_lines": [], "excluded_lines": []}}}, "backend/analytics_db.py": {"executed_lines": [2, 7, 8, 9, 10, 11, 12, 14, 16, 17, 19, 20, 21, 22, 24, 26, 27, 39, 50, 60, 61, 62, 64, 66, 68, 69, 70, 71, 75, 79, 81, 82, 83, 84, 85, 89, 93, 95, 96, 97, 98, 102, 106, 108, 109, 110, 111, 116, 121, 123, 124, 125, 127, 131, 134, 138, 141, 146, 148, 167, 169, 170, 171, 172, 186, 187, 188, 189, 190, 199, 204, 206, 207, 208, 209, 215, 216, 231, 233, 234, 235, 236, 240, 245], "summary": {"covered_lines": 82, "num_statements": 102, "percent_covered": 80.3921568627451, "percent_covered_display": "80", "missing_lines": 20, "excluded_lines": 0}, "missing_lines": [76, 77, 90, 91, 103, 104, 117, 118, 119, 156, 157, 158, 200, 201, 202, 222, 223, 224, 241, 242], "excluded_lines": [], "functions": {"AnalyticsDB.__init__": {"executed_lines": [20, 21, 22], "summary": {"covered_lines": 3, "num_statements": 3, "percent_covered": 100.0, "percent_covered_display": "100", "missing_lines": 0, "excluded_lines": 0}, "missing_lines": [], "excluded_lines": []}, "AnalyticsDB._init_database": {"executed_lines": [26, 27, 39, 50, 60, 61, 62, 64], "summary": {"covered_lines": 8, "num_statements": 8, "percent_covered": 100.0, "percent_covered_display": "100", "missing_lines": 0, "excluded_lines": 0}, "missing_lines": [], "excluded_lines": []}, "AnalyticsDB.track_page_view": {"executed_lines": [68, 69, 70, 71, 75], "summary": {"covered_lines": 5, "num_statements": 7, "percent_covered": 71.42857142857143, "percent_covered_display": "71", "missing_lines": 2, "excluded_lines": 0}, "missing_lines": [76, 77], "excluded_lines": []}, "AnalyticsDB.track_blog_engagement": {"executed_lines": [81, 82, 83, 84, 85, 89], "summary": {"covered_lines": 6, "num_statements": 8, "percent_covered": 75.0, "percent_covered_display": "75", "missing_lines": 2, "excluded_lines": 0}, "missing_lines": [90, 91], "excluded_lines": []}, "AnalyticsDB.update_active_session": {"executed_lines": [95, 96, 97, 98, 102], "summary": {"covered_lines": 5, "num_statements": 7, "percent_covered": 71.42857142857143, "percent_covered_display": "71", "missing_lines": 2, "excluded_lines": 0}, "missing_lines": [103, 104], "excluded_lines": []}, "AnalyticsDB.get_active_readers_count": {"executed_lines": [108, 109, 110, 111, 116], "summary": {"covered_lines": 5, "num_statements": 8, "percent_covered": 62.5, "percent_covered_display": "62", "missing_lines": 3, "excluded_lines": 0}, "missing_lines": [117, 118, 119], "excluded_lines": []}, "AnalyticsDB.get_todays_stats": {"executed_lines": [123, 124, 125, 127, 131, 134, 138, 141, 146, 148], "summary": {"covered_lines": 10, "num_statements": 13, "percent_covered": 76.92307692307692, "percent_covered_display": "77", "missing_lines": 3, "excluded_lines": 0}, "missing_lines": [156, 157, 158], "excluded_lines": []}, "AnalyticsDB.get_top_posts": {"executed_lines": [169, 170, 171, 172, 186, 187, 188, 189, 190, 199], "summary": {"covered_lines": 10, "num_statements": 13, "percent_covered": 76.92307692307692, "percent_covered_display": "77", "missing_lines": 3, "excluded_lines": 0}, "missing_lines": [200, 201, 202], "excluded_lines": []}, "AnalyticsDB.get_hourly_engagement_rate": {"executed_lines": [206, 207, 208, 209, 215, 216], "summary": {"covered_lines": 6, "num_statements": 9, "percent_covered": 66.66666666666667, "percent_covered_display": "67", "missing_lines": 3, "excluded_lines": 0}, "missing_lines": [222, 223, 224], "excluded_lines": []}, "AnalyticsDB.cleanup_old_sessions": {"executed_lines": [233, 234, 235, 236, 240], "summary": {"covered_lines": 5, "num_statements": 7, "percent_covered": 71.42857142857143, "percent_covered_display": "71", "missing_lines": 2, "excluded_lines": 0}, "missing_lines": [241, 242], "excluded_lines": []}, "": {"executed_lines": [2, 7, 8, 9, 10, 11, 12, 14, 16, 17, 19, 24, 66, 79, 93, 106, 121, 167, 204, 231, 245], "summary": {"covered_lines": 19, "num_statements": 19, "percent_covered": 100.0, "percent_covered_display": "100", "missing_lines": 0, "excluded_lines": 0}, "missing_lines": [], "excluded_lines": []}}, "classes": {"AnalyticsDB": {"executed_lines": [20, 21, 22, 26, 27, 39, 50, 60, 61, 62, 64, 68, 69, 70, 71, 75, 81, 82, 83, 84, 85, 89, 95, 96, 97, 98, 102, 108, 109, 110, 111, 116, 123, 124, 125, 127, 131, 134, 138, 141, 146, 148, 169, 170, 171, 172, 186, 187, 188, 189, 190, 199, 206, 207, 208, 209, 215, 216, 233, 234, 235, 236, 240], "summary": {"covered_lines": 63, "num_statements": 83, "percent_covered": 75.90361445783132, "percent_covered_display": "76", "missing_lines": 20, "excluded_lines": 0}, "missing_lines": [76, 77, 90, 91, 103, 104, 117, 118, 119, 156, 157, 158, 200, 201, 202, 222, 223, 224, 241, 242], "excluded_lines": []}, "": {"executed_lines": [2, 7, 8, 9, 10, 11, 12, 14, 16, 17, 19, 24, 66, 79, 93, 106, 121, 167, 204, 231, 245], "summary": {"covered_lines": 19, "num_statements": 19, "percent_covered": 100.0, "percent_covered_display": "100", "missing_lines": 0, "excluded_lines": 0}, "missing_lines": [], "excluded_lines": []}}}, "backend/api_clients/multimodal_ai.py": {"executed_lines": [1, 6, 7, 8, 9, 10, 11, 12, 13, 14, 15, 16, 17, 19, 22, 23, 24, 29, 30, 31, 32, 33, 34, 35, 36, 37, 38, 39, 40, 42, 43, 44, 45, 46, 47, 48, 49, 50, 52, 53, 54, 55, 56, 57, 58, 59, 60, 62, 63, 65, 66, 67, 68, 69, 70, 76, 79, 118, 157, 176, 211, 249, 250, 252, 253, 254, 256, 257, 259, 296, 315, 319, 320, 322, 323, 325, 336, 363, 367, 368, 370, 371, 372, 373, 376, 389, 391, 393, 394, 397, 403, 404, 405, 406, 409, 411, 413, 417, 421, 423, 424, 425, 427, 429, 430, 431, 434, 437, 440, 442, 444, 445, 446, 448, 479, 481, 482, 485, 489, 493, 496, 498, 499, 501, 511, 512, 513, 514, 515, 516, 517, 520, 523, 524, 525, 526, 527, 528, 531, 532, 533, 536, 537, 540, 542, 543, 546, 558, 561, 562, 563, 564, 565, 566, 569, 583, 584, 585, 586, 588, 589, 597, 601, 602, 607, 610, 616, 625, 694, 696, 708, 710, 719, 731], "summary": {"covered_lines": 166, "num_statements": 313, "percent_covered": 53.03514376996805, "percent_covered_display": "53", "missing_lines": 147, "excluded_lines": 0}, "missing_lines": [25, 26, 27, 71, 72, 74, 77, 81, 82, 84, 86, 89, 91, 111, 112, 114, 115, 116, 120, 155, 159, 161, 162, 163, 164, 165, 167, 168, 169, 171, 173, 174, 179, 180, 189, 190, 200, 213, 214, 227, 228, 238, 261, 262, 264, 265, 268, 270, 283, 284, 285, 286, 287, 289, 290, 292, 293, 294, 298, 300, 301, 304, 305, 306, 309, 310, 311, 313, 317, 327, 328, 329, 330, 331, 334, 338, 340, 342, 351, 352, 353, 354, 356, 357, 358, 359, 361, 365, 410, 412, 414, 450, 451, 452, 455, 460, 461, 462, 465, 466, 467, 468, 471, 473, 475, 476, 477, 486, 490, 494, 544, 590, 598, 633, 634, 635, 636, 637, 638, 641, 642, 643, 645, 646, 648, 649, 650, 652, 653, 654, 655, 656, 659, 660, 661, 662, 664, 665, 666, 667, 668, 669, 672, 678, 683, 685, 721], "excluded_lines": [], "functions": {"OpenAIVisionClient.__init__": {"executed_lines": [66, 67, 68, 69, 70, 76], "summary": {"covered_lines": 6, "num_statements": 10, "percent_covered": 60.0, "percent_covered_display": "60", "missing_lines": 4, "excluded_lines": 0}, "missing_lines": [71, 72, 74, 77], "excluded_lines": []}, "OpenAIVisionClient.analyze_image": {"executed_lines": [], "summary": {"covered_lines": 0, "num_statements": 11, "percent_covered": 0.0, "percent_covered_display": "0", "missing_lines": 11, "excluded_lines": 0}, "missing_lines": [81, 82, 84, 86, 89, 91, 111, 112, 114, 115, 116], "excluded_lines": []}, "OpenAIVisionClient._get_analysis_prompt": {"executed_lines": [], "summary": {"covered_lines": 0, "num_statements": 2, "percent_covered": 0.0, "percent_covered_display": "0", "missing_lines": 2, "excluded_lines": 0}, "missing_lines": [120, 155], "excluded_lines": []}, "OpenAIVisionClient._parse_vision_response": {"executed_lines": [], "summary": {"covered_lines": 0, "num_statements": 12, "percent_covered": 0.0, "percent_covered_display": "0", "missing_lines": 12, "excluded_lines": 0}, "missing_lines": [159, 161, 162, 163, 164, 165, 167, 168, 169, 171, 173, 174], "excluded_lines": []}, "OpenAIVisionClient._parse_text_response": {"executed_lines": [], "summary": {"covered_lines": 0, "num_statements": 5, "percent_covered": 0.0, "percent_covered_display": "0", "missing_lines": 5, "excluded_lines": 0}, "missing_lines": [179, 180, 189, 190, 200], "excluded_lines": []}, "OpenAIVisionClient._generate_mock_analysis": {"executed_lines": [], "summary": {"covered_lines": 0, "num_statements": 5, "percent_covered": 0.0, "percent_covered_display": "0", "missing_lines": 5, "excluded_lines": 0}, "missing_lines": [213, 214, 227, 228, 238], "excluded_lines": []}, "GoogleVisionClient.__init__": {"executed_lines": [253, 254, 256, 257], "summary": {"covered_lines": 4, "num_statements": 4, "percent_covered": 100.0, "percent_covered_display": "100", "missing_lines": 0, "excluded_lines": 0}, "missing_lines": [], "excluded_lines": []}, "GoogleVisionClient.detect_landmarks": {"executed_lines": [], "summary": {"covered_lines": 0, "num_statements": 16, "percent_covered": 0.0, "percent_covered_display": "0", "missing_lines": 16, "excluded_lines": 0}, "missing_lines": [261, 262, 264, 265, 268, 270, 283, 284, 285, 286, 287, 289, 290, 292, 293, 294], "excluded_lines": []}, "GoogleVisionClient._parse_google_vision_response": {"executed_lines": [], "summary": {"covered_lines": 0, "num_statements": 10, "percent_covered": 0.0, "percent_covered_display": "0", "missing_lines": 10, "excluded_lines": 0}, "missing_lines": [298, 300, 301, 304, 305, 306, 309, 310, 311, 313], "excluded_lines": []}, "GoogleVisionClient._mock_landmarks": {"executed_lines": [], "summary": {"covered_lines": 0, "num_statements": 1, "percent_covered": 0.0, "percent_covered_display": "0", "missing_lines": 1, "excluded_lines": 0}, "missing_lines": [317], "excluded_lines": []}, "TextExtractionClient.__init__": {"executed_lines": [323], "summary": {"covered_lines": 1, "num_statements": 1, "percent_covered": 100.0, "percent_covered_display": "100", "missing_lines": 0, "excluded_lines": 0}, "missing_lines": [], "excluded_lines": []}, "TextExtractionClient.extract_text": {"executed_lines": [], "summary": {"covered_lines": 0, "num_statements": 6, "percent_covered": 0.0, "percent_covered_display": "0", "missing_lines": 6, "excluded_lines": 0}, "missing_lines": [327, 328, 329, 330, 331, 334], "excluded_lines": []}, "TextExtractionClient._google_ocr": {"executed_lines": [], "summary": {"covered_lines": 0, "num_statements": 12, "percent_covered": 0.0, "percent_covered_display": "0", "missing_lines": 12, "excluded_lines": 0}, "missing_lines": [338, 340, 342, 351, 352, 353, 354, 356, 357, 358, 359, 361], "excluded_lines": []}, "TextExtractionClient._mock_text_extraction": {"executed_lines": [], "summary": {"covered_lines": 0, "num_statements": 1, "percent_covered": 0.0, "percent_covered_display": "0", "missing_lines": 1, "excluded_lines": 0}, "missing_lines": [365], "excluded_lines": []}, "MultimodalAIService.__init__": {"executed_lines": [371, 372, 373, 376], "summary": {"covered_lines": 4, "num_statements": 4, "percent_covered": 100.0, "percent_covered_display": "100", "missing_lines": 0, "excluded_lines": 0}, "missing_lines": [], "excluded_lines": []}, "MultimodalAIService.analyze_image_comprehensive": {"executed_lines": [391, 393, 394, 397, 403, 404, 405, 406, 409, 411, 413, 417, 421, 423, 424, 425], "summary": {"covered_lines": 16, "num_statements": 19, "percent_covered": 84.21052631578948, "percent_covered_display": "84", "missing_lines": 3, "excluded_lines": 0}, "missing_lines": [410, 412, 414], "excluded_lines": []}, "MultimodalAIService.analyze_menu_image": {"executed_lines": [429, 430, 431, 434, 437, 440, 442, 444, 445, 446], "summary": {"covered_lines": 10, "num_statements": 10, "percent_covered": 100.0, "percent_covered_display": "100", "missing_lines": 0, "excluded_lines": 0}, "missing_lines": [], "excluded_lines": []}, "MultimodalAIService.identify_location": {"executed_lines": [], "summary": {"covered_lines": 0, "num_statements": 16, "percent_covered": 0.0, "percent_covered_display": "0", "missing_lines": 16, "excluded_lines": 0}, "missing_lines": [450, 451, 452, 455, 460, 461, 462, 465, 466, 467, 468, 471, 473, 475, 476, 477], "excluded_lines": []}, "MultimodalAIService._validate_image": {"executed_lines": [481, 482, 485, 489, 493, 496, 498, 499], "summary": {"covered_lines": 8, "num_statements": 11, "percent_covered": 72.72727272727273, "percent_covered_display": "73", "missing_lines": 3, "excluded_lines": 0}, "missing_lines": [486, 490, 494], "excluded_lines": []}, "MultimodalAIService._combine_analysis_results": {"executed_lines": [511, 512, 513, 514, 515, 516, 517, 520, 523, 524, 525, 526, 527, 528, 531, 532, 533, 536, 537, 540, 542, 543, 546], "summary": {"covered_lines": 23, "num_statements": 24, "percent_covered": 95.83333333333333, "percent_covered_display": "96", "missing_lines": 1, "excluded_lines": 0}, "missing_lines": [544], "excluded_lines": []}, "MultimodalAIService._enhance_menu_analysis": {"executed_lines": [561, 562, 563, 564, 565, 566, 569, 583, 584, 585, 586, 588, 589, 597, 601, 602, 607, 610, 616], "summary": {"covered_lines": 19, "num_statements": 21, "percent_covered": 90.47619047619048, "percent_covered_display": "90", "missing_lines": 2, "excluded_lines": 0}, "missing_lines": [590, 598], "excluded_lines": []}, "MultimodalAIService._match_istanbul_location": {"executed_lines": [], "summary": {"covered_lines": 0, "num_statements": 33, "percent_covered": 0.0, "percent_covered_display": "0", "missing_lines": 33, "excluded_lines": 0}, "missing_lines": [633, 634, 635, 636, 637, 638, 641, 642, 643, 645, 646, 648, 649, 650, 652, 653, 654, 655, 656, 659, 660, 661, 662, 664, 665, 666, 667, 668, 669, 672, 678, 683, 685], "excluded_lines": []}, "MultimodalAIService._fallback_analysis_result": {"executed_lines": [696], "summary": {"covered_lines": 1, "num_statements": 1, "percent_covered": 100.0, "percent_covered_display": "100", "missing_lines": 0, "excluded_lines": 0}, "missing_lines": [], "excluded_lines": []}, "MultimodalAIService._fallback_menu_result": {"executed_lines": [710], "summary": {"covered_lines": 1, "num_statements": 1, "percent_covered": 100.0, "percent_covered_display": "100", "missing_lines": 0, "excluded_lines": 0}, "missing_lines": [], "excluded_lines": []}, "MultimodalAIService._fallback_location_result": {"executed_lines": [], "summary": {"covered_lines": 0, "num_statements": 1, "percent_covered": 0.0, "percent_covered_display": "0", "missing_lines": 1, "excluded_lines": 0}, "missing_lines": [721], "excluded_lines": []}, "": {"executed_lines": [1, 6, 7, 8, 9, 10, 11, 12, 13, 14, 15, 16, 17, 19, 22, 23, 24, 29, 30, 31, 32, 33, 34, 35, 36, 37, 38, 39, 40, 42, 43, 44, 45, 46, 47, 48, 49, 50, 52, 53, 54, 55, 56, 57, 58, 59, 60, 62, 63, 65, 79, 118, 157, 176, 211, 249, 250, 252, 259, 296, 315, 319, 320, 322, 325, 336, 363, 367, 368, 370, 389, 427, 448, 479, 501, 558, 625, 694, 708, 719, 731], "summary": {"covered_lines": 73, "num_statements": 76, "percent_covered": 96.05263157894737, "percent_covered_display": "96", "missing_lines": 3, "excluded_lines": 0}, "missing_lines": [25, 26, 27], "excluded_lines": []}}, "classes": {"ImageAnalysisResult": {"executed_lines": [], "summary": {"covered_lines": 0, "num_statements": 0, "percent_covered": 100.0, "percent_covered_display": "100", "missing_lines": 0, "excluded_lines": 0}, "missing_lines": [], "excluded_lines": []}, "MenuAnalysisResult": {"executed_lines": [], "summary": {"covered_lines": 0, "num_statements": 0, "percent_covered": 100.0, "percent_covered_display": "100", "missing_lines": 0, "excluded_lines": 0}, "missing_lines": [], "excluded_lines": []}, "LocationIdentificationResult": {"executed_lines": [], "summary": {"covered_lines": 0, "num_statements": 0, "percent_covered": 100.0, "percent_covered_display": "100", "missing_lines": 0, "excluded_lines": 0}, "missing_lines": [], "excluded_lines": []}, "OpenAIVisionClient": {"executed_lines": [66, 67, 68, 69, 70, 76], "summary": {"covered_lines": 6, "num_statements": 45, "percent_covered": 13.333333333333334, "percent_covered_display": "13", "missing_lines": 39, "excluded_lines": 0}, "missing_lines": [71, 72, 74, 77, 81, 82, 84, 86, 89, 91, 111, 112, 114, 115, 116, 120, 155, 159, 161, 162, 163, 164, 165, 167, 168, 169, 171, 173, 174, 179, 180, 189, 190, 200, 213, 214, 227, 228, 238], "excluded_lines": []}, "GoogleVisionClient": {"executed_lines": [253, 254, 256, 257], "summary": {"covered_lines": 4, "num_statements": 31, "percent_covered": 12.903225806451612, "percent_covered_display": "13", "missing_lines": 27, "excluded_lines": 0}, "missing_lines": [261, 262, 264, 265, 268, 270, 283, 284, 285, 286, 287, 289, 290, 292, 293, 294, 298, 300, 301, 304, 305, 306, 309, 310, 311, 313, 317], "excluded_lines": []}, "TextExtractionClient": {"executed_lines": [323], "summary": {"covered_lines": 1, "num_statements": 20, "percent_covered": 5.0, "percent_covered_display": "5", "missing_lines": 19, "excluded_lines": 0}, "missing_lines": [327, 328, 329, 330, 331, 334, 338, 340, 342, 351, 352, 353, 354, 356, 357, 358, 359, 361, 365], "excluded_lines": []}, "MultimodalAIService": {"executed_lines": [371, 372, 373, 376, 391, 393, 394, 397, 403, 404, 405, 406, 409, 411, 413, 417, 421, 423, 424, 425, 429, 430, 431, 434, 437, 440, 442, 444, 445, 446, 481, 482, 485, 489, 493, 496, 498, 499, 511, 512, 513, 514, 515, 516, 517, 520, 523, 524, 525, 526, 527, 528, 531, 532, 533, 536, 537, 540, 542, 543, 546, 561, 562, 563, 564, 565, 566, 569, 583, 584, 585, 586, 588, 589, 597, 601, 602, 607, 610, 616, 696, 710], "summary": {"covered_lines": 82, "num_statements": 141, "percent_covered": 58.156028368794324, "percent_covered_display": "58", "missing_lines": 59, "excluded_lines": 0}, "missing_lines": [410, 412, 414, 450, 451, 452, 455, 460, 461, 462, 465, 466, 467, 468, 471, 473, 475, 476, 477, 486, 490, 494, 544, 590, 598, 633, 634, 635, 636, 637, 638, 641, 642, 643, 645, 646, 648, 649, 650, 652, 653, 654, 655, 656, 659, 660, 661, 662, 664, 665, 666, 667, 668, 669, 672, 678, 683, 685, 721], "excluded_lines": []}, "": {"executed_lines": [1, 6, 7, 8, 9, 10, 11, 12, 13, 14, 15, 16, 17, 19, 22, 23, 24, 29, 30, 31, 32, 33, 34, 35, 36, 37, 38, 39, 40, 42, 43, 44, 45, 46, 47, 48, 49, 50, 52, 53, 54, 55, 56, 57, 58, 59, 60, 62, 63, 65, 79, 118, 157, 176, 211, 249, 250, 252, 259, 296, 315, 319, 320, 322, 325, 336, 363, 367, 368, 370, 389, 427, 448, 479, 501, 558, 625, 694, 708, 719, 731], "summary": {"covered_lines": 73, "num_statements": 76, "percent_covered": 96.05263157894737, "percent_covered_display": "96", "missing_lines": 3, "excluded_lines": 0}, "missing_lines": [25, 26, 27], "excluded_lines": []}}}, "backend/api_clients/realtime_data.py": {"executed_lines": [1, 6, 7, 8, 9, 10, 11, 12, 13, 14, 16, 18, 19, 20, 21, 22, 23, 24, 25, 26, 27, 28, 29, 30, 31, 33, 34, 35, 36, 37, 38, 39, 40, 41, 42, 44, 45, 46, 47, 48, 49, 50, 51, 52, 53, 54, 56, 57, 59, 60, 61, 62, 65, 67, 69, 72, 79, 87, 88, 90, 92, 123, 150, 176, 205, 207, 209, 262, 263, 264, 265, 267, 280, 282, 284, 286, 289, 290, 293, 294, 302, 303, 304, 306, 308, 310, 312, 315, 316, 318, 319, 320, 321, 322, 324, 327, 329, 337, 351, 364, 366, 374, 375, 376, 378, 380, 381, 383, 384, 385, 388, 399, 401, 402, 404, 406, 407, 408, 409, 410, 411, 413, 415, 418, 427, 429, 450, 495, 497, 498, 501, 512, 515, 516, 517, 518, 522, 523, 524, 526, 527, 529, 531, 541, 542, 544, 545, 546, 548, 550, 557, 559, 582, 630, 632, 635, 645, 646, 649, 650, 651, 652, 653, 654, 655, 656, 658, 660, 663, 664, 665, 673, 676, 691, 702, 703, 705, 706, 707, 708, 710, 719, 721, 722, 723, 724, 726, 727, 728, 730, 731, 732, 737, 739, 741, 754, 756, 766, 768, 780], "summary": {"covered_lines": 192, "num_statements": 350, "percent_covered": 54.857142857142854, "percent_covered_display": "55", "missing_lines": 158, "excluded_lines": 0}, "missing_lines": [73, 74, 75, 76, 77, 80, 81, 82, 83, 84, 94, 96, 98, 108, 110, 111, 112, 114, 115, 116, 117, 118, 120, 121, 125, 127, 129, 137, 141, 142, 143, 144, 145, 147, 148, 152, 154, 155, 156, 157, 170, 171, 172, 174, 178, 180, 181, 182, 183, 184, 186, 199, 200, 201, 203, 313, 325, 331, 332, 335, 340, 342, 343, 344, 345, 346, 347, 349, 353, 355, 356, 357, 358, 359, 360, 362, 419, 420, 421, 422, 423, 424, 431, 433, 439, 440, 441, 442, 444, 445, 446, 448, 452, 453, 456, 457, 458, 459, 461, 462, 463, 464, 467, 468, 469, 470, 471, 472, 473, 474, 475, 477, 478, 481, 482, 483, 485, 520, 521, 551, 552, 553, 554, 561, 563, 573, 574, 575, 576, 577, 580, 584, 585, 587, 588, 591, 592, 595, 596, 597, 598, 599, 600, 601, 603, 606, 609, 610, 611, 612, 619, 666, 667, 668, 670, 671, 734, 735], "excluded_lines": [], "functions": {"RealTimeEventClient.__init__": {"executed_lines": [60, 61, 62, 65], "summary": {"covered_lines": 4, "num_statements": 4, "percent_covered": 100.0, "percent_covered_display": "100", "missing_lines": 0, "excluded_lines": 0}, "missing_lines": [], "excluded_lines": []}, "RealTimeEventClient.get_live_events": {"executed_lines": [69, 72, 79, 87, 88, 90], "summary": {"covered_lines": 6, "num_statements": 16, "percent_covered": 37.5, "percent_covered_display": "38", "missing_lines": 10, "excluded_lines": 0}, "missing_lines": [73, 74, 75, 76, 77, 80, 81, 82, 83, 84], "excluded_lines": []}, "RealTimeEventClient._fetch_ticketmaster_events": {"executed_lines": [], "summary": {"covered_lines": 0, "num_statements": 14, "percent_covered": 0.0, "percent_covered_display": "0", "missing_lines": 14, "excluded_lines": 0}, "missing_lines": [94, 96, 98, 108, 110, 111, 112, 114, 115, 116, 117, 118, 120, 121], "excluded_lines": []}, "RealTimeEventClient._fetch_eventbrite_events": {"executed_lines": [], "summary": {"covered_lines": 0, "num_statements": 11, "percent_covered": 0.0, "percent_covered_display": "0", "missing_lines": 11, "excluded_lines": 0}, "missing_lines": [125, 127, 129, 137, 141, 142, 143, 144, 145, 147, 148], "excluded_lines": []}, "RealTimeEventClient._parse_ticketmaster_events": {"executed_lines": [], "summary": {"covered_lines": 0, "num_statements": 9, "percent_covered": 0.0, "percent_covered_display": "0", "missing_lines": 9, "excluded_lines": 0}, "missing_lines": [152, 154, 155, 156, 157, 170, 171, 172, 174], "excluded_lines": []}, "RealTimeEventClient._parse_eventbrite_events": {"executed_lines": [], "summary": {"covered_lines": 0, "num_statements": 11, "percent_covered": 0.0, "percent_covered_display": "0", "missing_lines": 11, "excluded_lines": 0}, "missing_lines": [178, 180, 181, 182, 183, 184, 186, 199, 200, 201, 203], "excluded_lines": []}, "RealTimeEventClient._generate_mock_events": {"executed_lines": [207, 209, 262, 263, 264, 265, 267, 280, 282], "summary": {"covered_lines": 9, "num_statements": 9, "percent_covered": 100.0, "percent_covered_display": "100", "missing_lines": 0, "excluded_lines": 0}, "missing_lines": [], "excluded_lines": []}, "RealTimeEventClient._get_intelligent_mock_events": {"executed_lines": [286, 289, 290, 293, 294, 302, 303, 304, 306, 308], "summary": {"covered_lines": 10, "num_statements": 10, "percent_covered": 100.0, "percent_covered_display": "100", "missing_lines": 0, "excluded_lines": 0}, "missing_lines": [], "excluded_lines": []}, "RealTimeEventClient._extract_price_range": {"executed_lines": [312, 315, 316, 318, 319, 320, 321, 322, 324, 327], "summary": {"covered_lines": 10, "num_statements": 12, "percent_covered": 83.33333333333333, "percent_covered_display": "83", "missing_lines": 2, "excluded_lines": 0}, "missing_lines": [313, 325], "excluded_lines": []}, "RealTimeEventClient._extract_eventbrite_price_range": {"executed_lines": [], "summary": {"covered_lines": 0, "num_statements": 3, "percent_covered": 0.0, "percent_covered_display": "0", "missing_lines": 3, "excluded_lines": 0}, "missing_lines": [331, 332, 335], "excluded_lines": []}, "RealTimeEventClient._estimate_crowd_level": {"executed_lines": [], "summary": {"covered_lines": 0, "num_statements": 8, "percent_covered": 0.0, "percent_covered_display": "0", "missing_lines": 8, "excluded_lines": 0}, "missing_lines": [340, 342, 343, 344, 345, 346, 347, 349], "excluded_lines": []}, "RealTimeEventClient._estimate_crowd_level_eventbrite": {"executed_lines": [], "summary": {"covered_lines": 0, "num_statements": 8, "percent_covered": 0.0, "percent_covered_display": "0", "missing_lines": 8, "excluded_lines": 0}, "missing_lines": [353, 355, 356, 357, 358, 359, 360, 362], "excluded_lines": []}, "RealTimeEventClient._map_to_ticketmaster_categories": {"executed_lines": [366, 374, 375, 376, 378], "summary": {"covered_lines": 5, "num_statements": 5, "percent_covered": 100.0, "percent_covered_display": "100", "missing_lines": 0, "excluded_lines": 0}, "missing_lines": [], "excluded_lines": []}, "RealTimeCrowdClient.__init__": {"executed_lines": [384, 385, 388], "summary": {"covered_lines": 3, "num_statements": 3, "percent_covered": 100.0, "percent_covered_display": "100", "missing_lines": 0, "excluded_lines": 0}, "missing_lines": [], "excluded_lines": []}, "RealTimeCrowdClient.get_crowd_levels": {"executed_lines": [401, 402, 404, 406, 407, 408, 409, 410, 411, 413], "summary": {"covered_lines": 10, "num_statements": 10, "percent_covered": 100.0, "percent_covered_display": "100", "missing_lines": 0, "excluded_lines": 0}, "missing_lines": [], "excluded_lines": []}, "RealTimeCrowdClient._get_location_crowd_data": {"executed_lines": [418, 427], "summary": {"covered_lines": 2, "num_statements": 8, "percent_covered": 25.0, "percent_covered_display": "25", "missing_lines": 6, "excluded_lines": 0}, "missing_lines": [419, 420, 421, 422, 423, 424], "excluded_lines": []}, "RealTimeCrowdClient._fetch_google_crowd_data": {"executed_lines": [], "summary": {"covered_lines": 0, "num_statements": 10, "percent_covered": 0.0, "percent_covered_display": "0", "missing_lines": 10, "excluded_lines": 0}, "missing_lines": [431, 433, 439, 440, 441, 442, 444, 445, 446, 448], "excluded_lines": []}, "RealTimeCrowdClient._parse_google_crowd_data": {"executed_lines": [], "summary": {"covered_lines": 0, "num_statements": 25, "percent_covered": 0.0, "percent_covered_display": "0", "missing_lines": 25, "excluded_lines": 0}, "missing_lines": [452, 453, 456, 457, 458, 459, 461, 462, 463, 464, 467, 468, 469, 470, 471, 472, 473, 474, 475, 477, 478, 481, 482, 483, 485], "excluded_lines": []}, "RealTimeCrowdClient._generate_mock_crowd_data": {"executed_lines": [497, 498, 501, 512, 515, 516, 517, 518, 522, 523, 524, 526, 527, 529, 531], "summary": {"covered_lines": 15, "num_statements": 17, "percent_covered": 88.23529411764706, "percent_covered_display": "88", "missing_lines": 2, "excluded_lines": 0}, "missing_lines": [520, 521], "excluded_lines": []}, "RealTimeTrafficClient.__init__": {"executed_lines": [545, 546], "summary": {"covered_lines": 2, "num_statements": 2, "percent_covered": 100.0, "percent_covered_display": "100", "missing_lines": 0, "excluded_lines": 0}, "missing_lines": [], "excluded_lines": []}, "RealTimeTrafficClient.get_traffic_aware_route": {"executed_lines": [550, 557], "summary": {"covered_lines": 2, "num_statements": 6, "percent_covered": 33.333333333333336, "percent_covered_display": "33", "missing_lines": 4, "excluded_lines": 0}, "missing_lines": [551, 552, 553, 554], "excluded_lines": []}, "RealTimeTrafficClient._fetch_google_traffic_data": {"executed_lines": [], "summary": {"covered_lines": 0, "num_statements": 8, "percent_covered": 0.0, "percent_covered_display": "0", "missing_lines": 8, "excluded_lines": 0}, "missing_lines": [561, 563, 573, 574, 575, 576, 577, 580], "excluded_lines": []}, "RealTimeTrafficClient._parse_google_traffic_data": {"executed_lines": [], "summary": {"covered_lines": 0, "num_statements": 20, "percent_covered": 0.0, "percent_covered_display": "0", "missing_lines": 20, "excluded_lines": 0}, "missing_lines": [584, 585, 587, 588, 591, 592, 595, 596, 597, 598, 599, 600, 601, 603, 606, 609, 610, 611, 612, 619], "excluded_lines": []}, "RealTimeTrafficClient._generate_mock_traffic_data": {"executed_lines": [632, 635, 645, 646, 649, 650, 651, 652, 653, 654, 655, 656, 658, 660, 663, 664, 665, 673, 676, 691], "summary": {"covered_lines": 20, "num_statements": 25, "percent_covered": 80.0, "percent_covered_display": "80", "missing_lines": 5, "excluded_lines": 0}, "missing_lines": [666, 667, 668, 670, 671], "excluded_lines": []}, "RealTimeDataAggregator.__init__": {"executed_lines": [706, 707, 708], "summary": {"covered_lines": 3, "num_statements": 3, "percent_covered": 100.0, "percent_covered_display": "100", "missing_lines": 0, "excluded_lines": 0}, "missing_lines": [], "excluded_lines": []}, "RealTimeDataAggregator.get_comprehensive_real_time_data": {"executed_lines": [719, 721, 722, 723, 724, 726, 727, 728, 730, 731, 732, 737], "summary": {"covered_lines": 12, "num_statements": 14, "percent_covered": 85.71428571428571, "percent_covered_display": "86", "missing_lines": 2, "excluded_lines": 0}, "missing_lines": [734, 735], "excluded_lines": []}, "RealTimeDataAggregator._event_to_dict": {"executed_lines": [741], "summary": {"covered_lines": 1, "num_statements": 1, "percent_covered": 100.0, "percent_covered_display": "100", "missing_lines": 0, "excluded_lines": 0}, "missing_lines": [], "excluded_lines": []}, "RealTimeDataAggregator._crowd_to_dict": {"executed_lines": [756], "summary": {"covered_lines": 1, "num_statements": 1, "percent_covered": 100.0, "percent_covered_display": "100", "missing_lines": 0, "excluded_lines": 0}, "missing_lines": [], "excluded_lines": []}, "RealTimeDataAggregator._traffic_to_dict": {"executed_lines": [768], "summary": {"covered_lines": 1, "num_statements": 1, "percent_covered": 100.0, "percent_covered_display": "100", "missing_lines": 0, "excluded_lines": 0}, "missing_lines": [], "excluded_lines": []}, "": {"executed_lines": [1, 6, 7, 8, 9, 10, 11, 12, 13, 14, 16, 18, 19, 20, 21, 22, 23, 24, 25, 26, 27, 28, 29, 30, 31, 33, 34, 35, 36, 37, 38, 39, 40, 41, 42, 44, 45, 46, 47, 48, 49, 50, 51, 52, 53, 54, 56, 57, 59, 67, 92, 123, 150, 176, 205, 284, 310, 329, 337, 351, 364, 380, 381, 383, 399, 415, 429, 450, 495, 541, 542, 544, 548, 559, 582, 630, 702, 703, 705, 710, 739, 754, 766, 780], "summary": {"covered_lines": 76, "num_statements": 76, "percent_covered": 100.0, "percent_covered_display": "100", "missing_lines": 0, "excluded_lines": 0}, "missing_lines": [], "excluded_lines": []}}, "classes": {"EventData": {"executed_lines": [], "summary": {"covered_lines": 0, "num_statements": 0, "percent_covered": 100.0, "percent_covered_display": "100", "missing_lines": 0, "excluded_lines": 0}, "missing_lines": [], "excluded_lines": []}, "CrowdData": {"executed_lines": [], "summary": {"covered_lines": 0, "num_statements": 0, "percent_covered": 100.0, "percent_covered_display": "100", "missing_lines": 0, "excluded_lines": 0}, "missing_lines": [], "excluded_lines": []}, "TrafficData": {"executed_lines": [], "summary": {"covered_lines": 0, "num_statements": 0, "percent_covered": 100.0, "percent_covered_display": "100", "missing_lines": 0, "excluded_lines": 0}, "missing_lines": [], "excluded_lines": []}, "RealTimeEventClient": {"executed_lines": [60, 61, 62, 65, 69, 72, 79, 87, 88, 90, 207, 209, 262, 263, 264, 265, 267, 280, 282, 286, 289, 290, 293, 294, 302, 303, 304, 306, 308, 312, 315, 316, 318, 319, 320, 321, 322, 324, 327, 366, 374, 375, 376, 378], "summary": {"covered_lines": 44, "num_statements": 120, "percent_covered": 36.666666666666664, "percent_covered_display": "37", "missing_lines": 76, "excluded_lines": 0}, "missing_lines": [73, 74, 75, 76, 77, 80, 81, 82, 83, 84, 94, 96, 98, 108, 110, 111, 112, 114, 115, 116, 117, 118, 120, 121, 125, 127, 129, 137, 141, 142, 143, 144, 145, 147, 148, 152, 154, 155, 156, 157, 170, 171, 172, 174, 178, 180, 181, 182, 183, 184, 186, 199, 200, 201, 203, 313, 325, 331, 332, 335, 340, 342, 343, 344, 345, 346, 347, 349, 353, 355, 356, 357, 358, 359, 360, 362], "excluded_lines": []}, "RealTimeCrowdClient": {"executed_lines": [384, 385, 388, 401, 402, 404, 406, 407, 408, 409, 410, 411, 413, 418, 427, 497, 498, 501, 512, 515, 516, 517, 518, 522, 523, 524, 526, 527, 529, 531], "summary": {"covered_lines": 30, "num_statements": 73, "percent_covered": 41.0958904109589, "percent_covered_display": "41", "missing_lines": 43, "excluded_lines": 0}, "missing_lines": [419, 420, 421, 422, 423, 424, 431, 433, 439, 440, 441, 442, 444, 445, 446, 448, 452, 453, 456, 457, 458, 459, 461, 462, 463, 464, 467, 468, 469, 470, 471, 472, 473, 474, 475, 477, 478, 481, 482, 483, 485, 520, 521], "excluded_lines": []}, "RealTimeTrafficClient": {"executed_lines": [545, 546, 550, 557, 632, 635, 645, 646, 649, 650, 651, 652, 653, 654, 655, 656, 658, 660, 663, 664, 665, 673, 676, 691], "summary": {"covered_lines": 24, "num_statements": 61, "percent_covered": 39.34426229508197, "percent_covered_display": "39", "missing_lines": 37, "excluded_lines": 0}, "missing_lines": [551, 552, 553, 554, 561, 563, 573, 574, 575, 576, 577, 580, 584, 585, 587, 588, 591, 592, 595, 596, 597, 598, 599, 600, 601, 603, 606, 609, 610, 611, 612, 619, 666, 667, 668, 670, 671], "excluded_lines": []}, "RealTimeDataAggregator": {"executed_lines": [706, 707, 708, 719, 721, 722, 723, 724, 726, 727, 728, 730, 731, 732, 737, 741, 756, 768], "summary": {"covered_lines": 18, "num_statements": 20, "percent_covered": 90.0, "percent_covered_display": "90", "missing_lines": 2, "excluded_lines": 0}, "missing_lines": [734, 735], "excluded_lines": []}, "": {"executed_lines": [1, 6, 7, 8, 9, 10, 11, 12, 13, 14, 16, 18, 19, 20, 21, 22, 23, 24, 25, 26, 27, 28, 29, 30, 31, 33, 34, 35, 36, 37, 38, 39, 40, 41, 42, 44, 45, 46, 47, 48, 49, 50, 51, 52, 53, 54, 56, 57, 59, 67, 92, 123, 150, 176, 205, 284, 310, 329, 337, 351, 364, 380, 381, 383, 399, 415, 429, 450, 495, 541, 542, 544, 548, 559, 582, 630, 702, 703, 705, 710, 739, 754, 766, 780], "summary": {"covered_lines": 76, "num_statements": 76, "percent_covered": 100.0, "percent_covered_display": "100", "missing_lines": 0, "excluded_lines": 0}, "missing_lines": [], "excluded_lines": []}}}, "backend/gdpr_service.py": {"executed_lines": [1, 13, 14, 15, 16, 17, 18, 19, 20, 21, 24, 25, 27, 28, 32, 33, 41, 49, 51, 52, 53, 54, 63, 68, 70, 72, 73, 75, 76, 78, 80, 82, 84, 85, 90, 93, 112, 113, 115, 128, 130, 131, 136, 138, 139, 141, 143, 149, 150, 151, 156, 158, 159, 160, 161, 164, 171, 182, 189, 200, 206, 207, 216, 223, 233, 235, 236, 237, 239, 240, 242, 244, 245, 246, 247, 254, 257, 258, 261, 264, 265, 268, 273, 274, 277, 282, 283, 285, 287, 289, 290, 291, 293, 294, 296, 298, 299, 300, 302, 303, 304, 316, 318, 320, 321, 323, 324, 326, 328, 329, 330, 331, 333, 334, 335, 337, 338, 340, 341, 345, 347, 348, 352, 354, 356, 358, 360, 362, 363, 364, 366, 367, 369, 371, 374, 375, 385, 387, 388, 389, 396, 398, 399, 400, 402, 409, 410, 411, 412, 417, 419, 420, 421, 423, 424, 427, 429, 431, 432, 433, 436, 448, 461, 475, 488, 500, 501, 506, 507, 510], "summary": {"covered_lines": 168, "num_statements": 177, "percent_covered": 94.91525423728814, "percent_covered_display": "95", "missing_lines": 9, "excluded_lines": 0}, "missing_lines": [121, 122, 123, 382, 383, 393, 394, 503, 504], "excluded_lines": [], "functions": {"GDPRService.__init__": {"executed_lines": [33, 41], "summary": {"covered_lines": 2, "num_statements": 2, "percent_covered": 100.0, "percent_covered_display": "100", "missing_lines": 0, "excluded_lines": 0}, "missing_lines": [], "excluded_lines": []}, "GDPRService.create_audit_log": {"executed_lines": [51, 52, 53, 54, 63, 68, 70, 72, 73, 75, 76], "summary": {"covered_lines": 11, "num_statements": 11, "percent_covered": 100.0, "percent_covered_display": "100", "missing_lines": 0, "excluded_lines": 0}, "missing_lines": [], "excluded_lines": []}, "GDPRService._hash_identifier": {"executed_lines": [80], "summary": {"covered_lines": 1, "num_statements": 1, "percent_covered": 100.0, "percent_covered_display": "100", "missing_lines": 0, "excluded_lines": 0}, "missing_lines": [], "excluded_lines": []}, "GDPRService.handle_data_access_request": {"executed_lines": [84, 85, 90, 93, 112, 113, 115], "summary": {"covered_lines": 7, "num_statements": 10, "percent_covered": 70.0, "percent_covered_display": "70", "missing_lines": 3, "excluded_lines": 0}, "missing_lines": [121, 122, 123], "excluded_lines": []}, "GDPRService.handle_data_deletion_request": {"executed_lines": [130, 131, 136, 138, 139, 141, 143, 149, 150, 151], "summary": {"covered_lines": 10, "num_statements": 10, "percent_covered": 100.0, "percent_covered_display": "100", "missing_lines": 0, "excluded_lines": 0}, "missing_lines": [], "excluded_lines": []}, "GDPRService._collect_user_data": {"executed_lines": [158, 159, 160, 161, 164, 171, 182, 189, 200, 206, 207, 216, 223, 233, 235, 236, 237, 239, 240], "summary": {"covered_lines": 19, "num_statements": 19, "percent_covered": 100.0, "percent_covered_display": "100", "missing_lines": 0, "excluded_lines": 0}, "missing_lines": [], "excluded_lines": []}, "GDPRService._delete_user_data": {"executed_lines": [244, 245, 246, 247, 254, 257, 258, 261, 264, 265, 268, 273, 274, 277, 282, 283, 285, 287, 289, 290, 291, 293, 294], "summary": {"covered_lines": 23, "num_statements": 23, "percent_covered": 100.0, "percent_covered_display": "100", "missing_lines": 0, "excluded_lines": 0}, "missing_lines": [], "excluded_lines": []}, "GDPRService.record_consent": {"executed_lines": [298, 299, 300, 302, 303, 304, 316, 318, 320, 321, 323, 324], "summary": {"covered_lines": 12, "num_statements": 12, "percent_covered": 100.0, "percent_covered_display": "100", "missing_lines": 0, "excluded_lines": 0}, "missing_lines": [], "excluded_lines": []}, "GDPRService.cleanup_expired_data": {"executed_lines": [328, 329, 330, 331, 333, 334, 335, 337, 338, 340, 341, 345, 347, 348, 352, 354, 356, 358, 360, 362, 363, 364, 366, 367], "summary": {"covered_lines": 24, "num_statements": 24, "percent_covered": 100.0, "percent_covered_display": "100", "missing_lines": 0, "excluded_lines": 0}, "missing_lines": [], "excluded_lines": []}, "GDPRService._send_data_export_email": {"executed_lines": [371, 374, 375], "summary": {"covered_lines": 3, "num_statements": 5, "percent_covered": 60.0, "percent_covered_display": "60", "missing_lines": 2, "excluded_lines": 0}, "missing_lines": [382, 383], "excluded_lines": []}, "GDPRService._send_deletion_confirmation_email": {"executed_lines": [387, 388, 389], "summary": {"covered_lines": 3, "num_statements": 5, "percent_covered": 60.0, "percent_covered_display": "60", "missing_lines": 2, "excluded_lines": 0}, "missing_lines": [393, 394], "excluded_lines": []}, "GDPRService.get_consent_status": {"executed_lines": [398, 399, 400, 402, 409, 410, 411, 412, 417, 419, 420, 421, 423, 424], "summary": {"covered_lines": 14, "num_statements": 14, "percent_covered": 100.0, "percent_covered_display": "100", "missing_lines": 0, "excluded_lines": 0}, "missing_lines": [], "excluded_lines": []}, "init_gdpr_tables": {"executed_lines": [431, 432, 433, 436, 448, 461, 475, 488, 500, 501, 506, 507], "summary": {"covered_lines": 12, "num_statements": 14, "percent_covered": 85.71428571428571, "percent_covered_display": "86", "missing_lines": 2, "excluded_lines": 0}, "missing_lines": [503, 504], "excluded_lines": []}, "": {"executed_lines": [1, 13, 14, 15, 16, 17, 18, 19, 20, 21, 24, 25, 27, 28, 32, 49, 78, 82, 128, 156, 242, 296, 326, 369, 385, 396, 427, 429, 510], "summary": {"covered_lines": 27, "num_statements": 27, "percent_covered": 100.0, "percent_covered_display": "100", "missing_lines": 0, "excluded_lines": 0}, "missing_lines": [], "excluded_lines": []}}, "classes": {"GDPRService": {"executed_lines": [33, 41, 51, 52, 53, 54, 63, 68, 70, 72, 73, 75, 76, 80, 84, 85, 90, 93, 112, 113, 115, 130, 131, 136, 138, 139, 141, 143, 149, 150, 151, 158, 159, 160, 161, 164, 171, 182, 189, 200, 206, 207, 216, 223, 233, 235, 236, 237, 239, 240, 244, 245, 246, 247, 254, 257, 258, 261, 264, 265, 268, 273, 274, 277, 282, 283, 285, 287, 289, 290, 291, 293, 294, 298, 299, 300, 302, 303, 304, 316, 318, 320, 321, 323, 324, 328, 329, 330, 331, 333, 334, 335, 337, 338, 340, 341, 345, 347, 348, 352, 354, 356, 358, 360, 362, 363, 364, 366, 367, 371, 374, 375, 387, 388, 389, 398, 399, 400, 402, 409, 410, 411, 412, 417, 419, 420, 421, 423, 424], "summary": {"covered_lines": 129, "num_statements": 136, "percent_covered": 94.8529411764706, "percent_covered_display": "95", "missing_lines": 7, "excluded_lines": 0}, "missing_lines": [121, 122, 123, 382, 383, 393, 394], "excluded_lines": []}, "": {"executed_lines": [1, 13, 14, 15, 16, 17, 18, 19, 20, 21, 24, 25, 27, 28, 32, 49, 78, 82, 128, 156, 242, 296, 326, 369, 385, 396, 427, 429, 431, 432, 433, 436, 448, 461, 475, 488, 500, 501, 506, 507, 510], "summary": {"covered_lines": 39, "num_statements": 41, "percent_covered": 95.1219512195122, "percent_covered_display": "95", "missing_lines": 2, "excluded_lines": 0}, "missing_lines": [503, 504], "excluded_lines": []}}}}, "totals": {"covered_lines": 739, "num_statements": 1130, "percent_covered": 65.39823008849558, "percent_covered_display": "65", "missing_lines": 391, "excluded_lines": 0}}